<?xml version="1.0" encoding="UTF-8"?>
<!-- Generated by org.testng.reporters.JUnitXMLReporter -->
<testsuite ignored="0" hostname="RAKESH" failures="1" tests="1" name="Test" time="0.184" errors="0" timestamp="2023-03-31T19:44:32 IST">
  <testcase classname="testngBatchExecution.ActiTimeValidLogin" name="validLogin" time="0.119">
    <failure type="java.lang.IllegalStateException" message="The driver executable must exist: C:\Users\HP\git\repository\wcsa4seleniumproject\.\drivers\chromerdriver.exe">
      <![CDATA[java.lang.IllegalStateException: The driver executable must exist: C:\Users\HP\git\repository\wcsa4seleniumproject\.\drivers\chromerdriver.exe
at org.openqa.selenium.internal.Require$FileStateChecker.isFile(Require.java:345)
at org.openqa.selenium.remote.service.DriverService.checkExecutable(DriverService.java:160)
at org.openqa.selenium.remote.service.DriverService.findExecutable(DriverService.java:155)
at org.openqa.selenium.chrome.ChromeDriverService.access$000(ChromeDriverService.java:39)
at org.openqa.selenium.chrome.ChromeDriverService$Builder.findDefaultExecutable(ChromeDriverService.java:233)
at org.openqa.selenium.remote.service.DriverService$Builder.build(DriverService.java:455)
at org.openqa.selenium.chrome.ChromeDriverService.createServiceWithConfig(ChromeDriverService.java:142)
at org.openqa.selenium.chrome.ChromeDriver.<init>(ChromeDriver.java:70)
at testngBatchExecution.ActiTimeValidLogin.validLogin(ActiTimeValidLogin.java:29)
at java.base/java.util.ArrayList.forEach(ArrayList.java:1511)
... Removed 25 stack frames]]>
    </failure>
  </testcase> <!-- validLogin -->
</testsuite> <!-- Test -->
